app/build/intermediates/manifest_merge_blame_file/debug/processDebugMainManifest/manifest-merger-blame-debug-report.txt
1<?xml version="1.0" encoding="utf-8"?>
2<manifest xmlns:android="http://schemas.android.com/apk/res/android"
3    package="com.example.appguard"
4    android:versionCode="1"
5    android:versionName="1.0.0" >
6
7    <uses-sdk
8        android:minSdkVersion="24"
9        android:targetSdkVersion="34" />
10
11    <!-- Permissions -->
12    <uses-permission android:name="android.permission.SYSTEM_ALERT_WINDOW" />
12-->src\main\AndroidManifest.xml:6:5-78
12-->src\main\AndroidManifest.xml:6:22-75
13    <uses-permission android:name="android.permission.BIND_ACCESSIBILITY_SERVICE" />
13-->src\main\AndroidManifest.xml:7:5-85
13-->src\main\AndroidManifest.xml:7:22-82
14    <uses-permission android:name="android.permission.FOREGROUND_SERVICE" />
14-->src\main\AndroidManifest.xml:8:5-77
14-->src\main\AndroidManifest.xml:8:22-74
15    <uses-permission android:name="android.permission.FOREGROUND_SERVICE_SPECIAL_USE" />
15-->src\main\AndroidManifest.xml:9:5-89
15-->src\main\AndroidManifest.xml:9:22-86
16    <uses-permission android:name="android.permission.QUERY_ALL_PACKAGES" />
16-->src\main\AndroidManifest.xml:10:5-11:53
16-->src\main\AndroidManifest.xml:10:22-74
17
18    <permission
18-->[androidx.core:core:1.13.1] AndroidManifest.xml:22:5-24:47
19        android:name="com.example.appguard.DYNAMIC_RECEIVER_NOT_EXPORTED_PERMISSION"
19-->[androidx.core:core:1.13.1] AndroidManifest.xml:23:9-81
20        android:protectionLevel="signature" />
20-->[androidx.core:core:1.13.1] AndroidManifest.xml:24:9-44
21
22    <uses-permission android:name="com.example.appguard.DYNAMIC_RECEIVER_NOT_EXPORTED_PERMISSION" />
22-->[androidx.core:core:1.13.1] AndroidManifest.xml:26:5-97
22-->[androidx.core:core:1.13.1] AndroidManifest.xml:26:22-94
23
24    <application
24-->src\main\AndroidManifest.xml:13:5-69:19
25        android:name="com.example.appguard.AppGuardApplication"
25-->src\main\AndroidManifest.xml:14:9-44
26        android:allowBackup="true"
26-->src\main\AndroidManifest.xml:15:9-35
27        android:appComponentFactory="androidx.core.app.CoreComponentFactory"
27-->[androidx.core:core:1.13.1] AndroidManifest.xml:28:18-86
28        android:dataExtractionRules="@xml/data_extraction_rules"
28-->src\main\AndroidManifest.xml:16:9-65
29        android:debuggable="true"
30        android:extractNativeLibs="false"
31        android:fullBackupContent="@xml/backup_rules"
31-->src\main\AndroidManifest.xml:17:9-54
32        android:icon="@mipmap/ic_launcher"
32-->src\main\AndroidManifest.xml:18:9-43
33        android:label="@string/app_name"
33-->src\main\AndroidManifest.xml:19:9-41
34        android:roundIcon="@mipmap/ic_launcher_round"
34-->src\main\AndroidManifest.xml:20:9-54
35        android:supportsRtl="true"
35-->src\main\AndroidManifest.xml:21:9-35
36        android:theme="@style/Theme.AppGuard" >
36-->src\main\AndroidManifest.xml:22:9-46
37
38        <!-- Main Activity -->
39        <activity
39-->src\main\AndroidManifest.xml:26:9-36:20
40            android:name="com.example.appguard.presentation.MainActivity"
40-->src\main\AndroidManifest.xml:27:13-54
41            android:exported="true"
41-->src\main\AndroidManifest.xml:28:13-36
42            android:launchMode="singleTop"
42-->src\main\AndroidManifest.xml:29:13-43
43            android:theme="@style/Theme.AppGuard"
43-->src\main\AndroidManifest.xml:30:13-50
44            android:windowSoftInputMode="adjustResize" >
44-->src\main\AndroidManifest.xml:31:13-55
45            <intent-filter>
45-->src\main\AndroidManifest.xml:32:13-35:29
46                <action android:name="android.intent.action.MAIN" />
46-->src\main\AndroidManifest.xml:33:17-69
46-->src\main\AndroidManifest.xml:33:25-66
47
48                <category android:name="android.intent.category.LAUNCHER" />
48-->src\main\AndroidManifest.xml:34:17-77
48-->src\main\AndroidManifest.xml:34:27-74
49            </intent-filter>
50        </activity>
51
52        <!-- Confirmation Overlay Activity -->
53        <activity
53-->src\main\AndroidManifest.xml:39:9-46:52
54            android:name="com.example.appguard.presentation.ConfirmationActivity"
54-->src\main\AndroidManifest.xml:40:13-62
55            android:autoRemoveFromRecents="true"
55-->src\main\AndroidManifest.xml:46:13-49
56            android:excludeFromRecents="true"
56-->src\main\AndroidManifest.xml:44:13-46
57            android:exported="false"
57-->src\main\AndroidManifest.xml:41:13-37
58            android:launchMode="singleInstance"
58-->src\main\AndroidManifest.xml:43:13-48
59            android:taskAffinity=""
59-->src\main\AndroidManifest.xml:45:13-36
60            android:theme="@style/Theme.AppGuard.Overlay" />
60-->src\main\AndroidManifest.xml:42:13-58
61
62        <!-- Accessibility Service -->
63        <service
63-->src\main\AndroidManifest.xml:49:9-60:19
64            android:name="com.example.appguard.accessibility.AppGuardAccessibilityService"
64-->src\main\AndroidManifest.xml:50:13-71
65            android:exported="true"
65-->src\main\AndroidManifest.xml:53:13-36
66            android:label="@string/accessibility_service_name"
66-->src\main\AndroidManifest.xml:51:13-63
67            android:permission="android.permission.BIND_ACCESSIBILITY_SERVICE" >
67-->src\main\AndroidManifest.xml:52:13-79
68            <intent-filter>
68-->src\main\AndroidManifest.xml:54:13-56:29
69                <action android:name="android.accessibilityservice.AccessibilityService" />
69-->src\main\AndroidManifest.xml:55:17-92
69-->src\main\AndroidManifest.xml:55:25-89
70            </intent-filter>
71
72            <meta-data
72-->src\main\AndroidManifest.xml:57:13-59:72
73                android:name="android.accessibilityservice"
73-->src\main\AndroidManifest.xml:58:17-60
74                android:resource="@xml/accessibility_service_config" />
74-->src\main\AndroidManifest.xml:59:17-69
75        </service>
76
77        <!-- Foreground Service for keeping app alive -->
78        <service
78-->src\main\AndroidManifest.xml:63:9-67:72
79            android:name="com.example.appguard.accessibility.GuardianForegroundService"
79-->src\main\AndroidManifest.xml:64:13-68
80            android:exported="false"
80-->src\main\AndroidManifest.xml:65:13-37
81            android:foregroundServiceType="specialUse"
81-->src\main\AndroidManifest.xml:66:13-55
82            android:permission="android.permission.BIND_JOB_SERVICE" />
82-->src\main\AndroidManifest.xml:67:13-69
83
84        <activity
84-->[androidx.compose.ui:ui-tooling-android:1.7.2] AndroidManifest.xml:23:9-25:39
85            android:name="androidx.compose.ui.tooling.PreviewActivity"
85-->[androidx.compose.ui:ui-tooling-android:1.7.2] AndroidManifest.xml:24:13-71
86            android:exported="true" />
86-->[androidx.compose.ui:ui-tooling-android:1.7.2] AndroidManifest.xml:25:13-36
87
88        <provider
88-->[androidx.lifecycle:lifecycle-process:2.8.5] AndroidManifest.xml:24:9-32:20
89            android:name="androidx.startup.InitializationProvider"
89-->[androidx.lifecycle:lifecycle-process:2.8.5] AndroidManifest.xml:25:13-67
90            android:authorities="com.example.appguard.androidx-startup"
90-->[androidx.lifecycle:lifecycle-process:2.8.5] AndroidManifest.xml:26:13-68
91            android:exported="false" >
91-->[androidx.lifecycle:lifecycle-process:2.8.5] AndroidManifest.xml:27:13-37
92            <meta-data
92-->[androidx.lifecycle:lifecycle-process:2.8.5] AndroidManifest.xml:29:13-31:52
93                android:name="androidx.lifecycle.ProcessLifecycleInitializer"
93-->[androidx.lifecycle:lifecycle-process:2.8.5] AndroidManifest.xml:30:17-78
94                android:value="androidx.startup" />
94-->[androidx.lifecycle:lifecycle-process:2.8.5] AndroidManifest.xml:31:17-49
95            <meta-data
95-->[androidx.emoji2:emoji2:1.3.0] AndroidManifest.xml:29:13-31:52
96                android:name="androidx.emoji2.text.EmojiCompatInitializer"
96-->[androidx.emoji2:emoji2:1.3.0] AndroidManifest.xml:30:17-75
97                android:value="androidx.startup" />
97-->[androidx.emoji2:emoji2:1.3.0] AndroidManifest.xml:31:17-49
98            <meta-data
98-->[androidx.profileinstaller:profileinstaller:1.3.1] AndroidManifest.xml:29:13-31:52
99                android:name="androidx.profileinstaller.ProfileInstallerInitializer"
99-->[androidx.profileinstaller:profileinstaller:1.3.1] AndroidManifest.xml:30:17-85
100                android:value="androidx.startup" />
100-->[androidx.profileinstaller:profileinstaller:1.3.1] AndroidManifest.xml:31:17-49
101        </provider>
102
103        <receiver
103-->[androidx.profileinstaller:profileinstaller:1.3.1] AndroidManifest.xml:34:9-52:20
104            android:name="androidx.profileinstaller.ProfileInstallReceiver"
104-->[androidx.profileinstaller:profileinstaller:1.3.1] AndroidManifest.xml:35:13-76
105            android:directBootAware="false"
105-->[androidx.profileinstaller:profileinstaller:1.3.1] AndroidManifest.xml:36:13-44
106            android:enabled="true"
106-->[androidx.profileinstaller:profileinstaller:1.3.1] AndroidManifest.xml:37:13-35
107            android:exported="true"
107-->[androidx.profileinstaller:profileinstaller:1.3.1] AndroidManifest.xml:38:13-36
108            android:permission="android.permission.DUMP" >
108-->[androidx.profileinstaller:profileinstaller:1.3.1] AndroidManifest.xml:39:13-57
109            <intent-filter>
109-->[androidx.profileinstaller:profileinstaller:1.3.1] AndroidManifest.xml:40:13-42:29
110                <action android:name="androidx.profileinstaller.action.INSTALL_PROFILE" />
110-->[androidx.profileinstaller:profileinstaller:1.3.1] AndroidManifest.xml:41:17-91
110-->[androidx.profileinstaller:profileinstaller:1.3.1] AndroidManifest.xml:41:25-88
111            </intent-filter>
112            <intent-filter>
112-->[androidx.profileinstaller:profileinstaller:1.3.1] AndroidManifest.xml:43:13-45:29
113                <action android:name="androidx.profileinstaller.action.SKIP_FILE" />
113-->[androidx.profileinstaller:profileinstaller:1.3.1] AndroidManifest.xml:44:17-85
113-->[androidx.profileinstaller:profileinstaller:1.3.1] AndroidManifest.xml:44:25-82
114            </intent-filter>
115            <intent-filter>
115-->[androidx.profileinstaller:profileinstaller:1.3.1] AndroidManifest.xml:46:13-48:29
116                <action android:name="androidx.profileinstaller.action.SAVE_PROFILE" />
116-->[androidx.profileinstaller:profileinstaller:1.3.1] AndroidManifest.xml:47:17-88
116-->[androidx.profileinstaller:profileinstaller:1.3.1] AndroidManifest.xml:47:25-85
117            </intent-filter>
118            <intent-filter>
118-->[androidx.profileinstaller:profileinstaller:1.3.1] AndroidManifest.xml:49:13-51:29
119                <action android:name="androidx.profileinstaller.action.BENCHMARK_OPERATION" />
119-->[androidx.profileinstaller:profileinstaller:1.3.1] AndroidManifest.xml:50:17-95
119-->[androidx.profileinstaller:profileinstaller:1.3.1] AndroidManifest.xml:50:25-92
120            </intent-filter>
121        </receiver>
122    </application>
123
124</manifest>